<?xml version="1.0" encoding="UTF-8"?>
<!-- Generated by org.testng.reporters.JUnitXMLReporter -->
<testsuite ignored="14" hostname="DESKTOP-88FLBF9" failures="1" tests="3" name="Test(failed)(failed)(failed)" time="44.348" errors="0" timestamp="2020-09-05T15:43:37 IST">
  <testcase classname="test.LMSProject" name="Activity3" time="0.125"/>
  <testcase classname="test.JobBoardProject" name="Activity7" time="20.361">
    <failure type="org.openqa.selenium.NoSuchElementException" message="no such element: Unable to locate element: {&amp;quot;method&amp;quot;:&amp;quot;xpath&amp;quot;,&amp;quot;selector&amp;quot;:&amp;quot;//p[text()=&amp;apos;New job posting&amp;apos;]&amp;quot;}
  (Session info: chrome=85.0.4183.83)
For documentation on this error, please visit: https://www.seleniumhq.org/exceptions/no_such_element.html
Build info: version: &amp;apos;3.141.59&amp;apos;, revision: &amp;apos;e82be7d358&amp;apos;, time: &amp;apos;2018-11-14T08:25:48&amp;apos;
System info: host: &amp;apos;DESKTOP-88FLBF9&amp;apos;, ip: &amp;apos;192.168.1.190&amp;apos;, os.name: &amp;apos;Windows 10&amp;apos;, os.arch: &amp;apos;amd64&amp;apos;, os.version: &amp;apos;10.0&amp;apos;, java.version: &amp;apos;13.0.2&amp;apos;
Driver info: org.openqa.selenium.chrome.ChromeDriver
Capabilities {acceptInsecureCerts: false, browserName: chrome, browserVersion: 85.0.4183.83, chrome: {chromedriverVersion: 84.0.4147.30 (48b3e868b4cc0..., userDataDir: C:\Users\VINEET~1\AppData\L...}, goog:chromeOptions: {debuggerAddress: localhost:60856}, javascriptEnabled: true, networkConnectionEnabled: false, pageLoadStrategy: normal, platform: WINDOWS, platformName: WINDOWS, proxy: Proxy(), setWindowRect: true, strictFileInteractability: false, timeouts: {implicit: 0, pageLoad: 300000, script: 30000}, unhandledPromptBehavior: dismiss and notify, webauthn:virtualAuthenticators: true}
Session ID: e518bb81a6fbcd268076b69dc9c82fce
*** Element info: {Using=xpath, value=//p[text()=&amp;apos;New job posting&amp;apos;]}">
      <![CDATA[org.openqa.selenium.NoSuchElementException: no such element: Unable to locate element: {"method":"xpath","selector":"//p[text()='New job posting']"}
  (Session info: chrome=85.0.4183.83)
For documentation on this error, please visit: https://www.seleniumhq.org/exceptions/no_such_element.html
Build info: version: '3.141.59', revision: 'e82be7d358', time: '2018-11-14T08:25:48'
System info: host: 'DESKTOP-88FLBF9', ip: '192.168.1.190', os.name: 'Windows 10', os.arch: 'amd64', os.version: '10.0', java.version: '13.0.2'
Driver info: org.openqa.selenium.chrome.ChromeDriver
Capabilities {acceptInsecureCerts: false, browserName: chrome, browserVersion: 85.0.4183.83, chrome: {chromedriverVersion: 84.0.4147.30 (48b3e868b4cc0..., userDataDir: C:\Users\VINEET~1\AppData\L...}, goog:chromeOptions: {debuggerAddress: localhost:60856}, javascriptEnabled: true, networkConnectionEnabled: false, pageLoadStrategy: normal, platform: WINDOWS, platformName: WINDOWS, proxy: Proxy(), setWindowRect: true, strictFileInteractability: false, timeouts: {implicit: 0, pageLoad: 300000, script: 30000}, unhandledPromptBehavior: dismiss and notify, webauthn:virtualAuthenticators: true}
Session ID: e518bb81a6fbcd268076b69dc9c82fce
*** Element info: {Using=xpath, value=//p[text()='New job posting']}
at org.openqa.selenium.remote.http.W3CHttpResponseCodec.createException(W3CHttpResponseCodec.java:187)
at org.openqa.selenium.remote.http.W3CHttpResponseCodec.decode(W3CHttpResponseCodec.java:122)
at org.openqa.selenium.remote.http.W3CHttpResponseCodec.decode(W3CHttpResponseCodec.java:49)
at org.openqa.selenium.remote.HttpCommandExecutor.execute(HttpCommandExecutor.java:158)
at org.openqa.selenium.remote.service.DriverCommandExecutor.execute(DriverCommandExecutor.java:83)
at org.openqa.selenium.remote.RemoteWebDriver.execute(RemoteWebDriver.java:552)
at org.openqa.selenium.remote.RemoteWebDriver.findElement(RemoteWebDriver.java:323)
at org.openqa.selenium.remote.RemoteWebDriver.findElementByXPath(RemoteWebDriver.java:428)
at org.openqa.selenium.By$ByXPath.findElement(By.java:353)
at org.openqa.selenium.remote.RemoteWebDriver.findElement(RemoteWebDriver.java:315)
at test.JobBoardProject.Activity7(JobBoardProject.java:167)
at java.base/java.util.ArrayList.forEach(ArrayList.java:1507)
... Removed 32 stack frames]]>
    </failure>
  </testcase> <!-- Activity7 -->
  <testcase classname="test.JobBoardProject" name="Activity6" time="0.0">
    <skipped/>
  </testcase> <!-- Activity6 -->
  <testcase classname="test.LMSProject" name="Activity8" time="0.0">
    <ignored/>
  </testcase> <!-- Activity8 -->
  <testcase classname="test.LMSProject" name="Activity9" time="0.0">
    <ignored/>
  </testcase> <!-- Activity9 -->
  <testcase classname="test.JobBoardProject" name="activity1" time="0.0">
    <ignored/>
  </testcase> <!-- activity1 -->
  <testcase classname="test.LMSProject" name="Activity7" time="0.0">
    <ignored/>
  </testcase> <!-- Activity7 -->
  <testcase classname="test.LMSProject" name="Activity2" time="0.0">
    <ignored/>
  </testcase> <!-- Activity2 -->
  <testcase classname="test.JobBoardProject" name="activity8" time="0.0">
    <ignored/>
  </testcase> <!-- activity8 -->
  <testcase classname="test.LMSProject" name="Activity1" time="0.0">
    <ignored/>
  </testcase> <!-- Activity1 -->
  <testcase classname="test.LMSProject" name="Activity6" time="0.0">
    <ignored/>
  </testcase> <!-- Activity6 -->
  <testcase classname="test.LMSProject" name="Activity4" time="0.0">
    <ignored/>
  </testcase> <!-- Activity4 -->
  <testcase classname="test.LMSProject" name="Activity5" time="0.0">
    <ignored/>
  </testcase> <!-- Activity5 -->
  <testcase classname="test.JobBoardProject" name="Activity4" time="0.0">
    <ignored/>
  </testcase> <!-- Activity4 -->
  <testcase classname="test.JobBoardProject" name="Activity5" time="0.0">
    <ignored/>
  </testcase> <!-- Activity5 -->
  <testcase classname="test.JobBoardProject" name="Activity3" time="0.0">
    <ignored/>
  </testcase> <!-- Activity3 -->
  <testcase classname="test.JobBoardProject" name="Activity2" time="0.0">
    <ignored/>
  </testcase> <!-- Activity2 -->
</testsuite> <!-- Test(failed)(failed)(failed) -->
